SF:lib\domain\entities\article.dart
DA:11,4
DA:15,3
DA:16,3
DA:17,3
DA:18,3
DA:19,3
DA:20,3
DA:21,3
DA:24,4
DA:25,2
DA:26,2
DA:27,2
DA:28,2
DA:29,2
DA:30,2
DA:34,2
DA:37,1
DA:38,3
DA:39,3
DA:40,3
DA:41,3
DA:42,3
DA:43,3
DA:44,3
DA:47,1
DA:49,3
DA:50,3
DA:51,3
DA:52,3
DA:53,3
DA:54,2
LF:31
LH:31
end_of_record
SF:lib\domain\entities\habit.dart
DA:14,1
DA:18,1
DA:19,1
DA:20,1
DA:21,1
DA:22,1
DA:23,1
DA:24,1
DA:25,1
DA:26,4
DA:29,2
DA:30,1
DA:31,1
DA:32,1
DA:33,1
DA:34,1
DA:35,1
DA:36,5
DA:40,2
DA:41,1
DA:42,1
DA:43,1
DA:44,1
DA:45,1
DA:46,5
DA:50,1
DA:53,1
DA:54,3
DA:55,3
DA:56,3
DA:57,3
DA:58,3
DA:59,3
DA:60,3
DA:61,3
DA:64,1
DA:66,3
DA:67,3
DA:68,3
DA:69,3
DA:70,3
DA:71,3
DA:72,2
LF:43
LH:43
end_of_record
SF:lib\domain\entities\habit_task.dart
DA:7,2
DA:10,2
DA:11,2
DA:12,2
DA:15,4
DA:16,2
DA:17,2
DA:21,2
DA:24,1
DA:25,3
DA:26,3
DA:27,3
DA:30,1
DA:31,5
LF:14
LH:14
end_of_record
SF:lib\domain\entities\image.dart
DA:10,7
DA:13,2
DA:16,7
DA:19,1
DA:20,2
DA:23,2
DA:24,2
DA:25,2
DA:26,2
DA:27,2
DA:28,2
DA:31,2
DA:32,1
DA:33,1
DA:34,1
DA:35,1
DA:36,1
DA:40,1
DA:42,6
LF:19
LH:19
end_of_record
SF:lib\domain\entities\news.dart
DA:10,3
DA:13,2
DA:14,2
DA:15,2
DA:16,2
DA:17,8
DA:20,2
DA:21,1
DA:22,1
DA:23,5
DA:27,2
DA:30,2
DA:31,6
DA:32,6
DA:33,6
DA:36,1
DA:37,5
LF:17
LH:17
end_of_record
SF:lib\domain\entities\role.dart
DA:7,6
DA:10,2
DA:11,2
DA:12,2
DA:15,2
DA:16,1
DA:17,1
DA:21,3
DA:24,2
DA:25,6
DA:26,6
DA:27,6
DA:30,1
DA:31,5
LF:14
LH:14
end_of_record
SF:lib\domain\entities\token.dart
DA:6,2
DA:9,4
DA:12,2
DA:13,1
DA:17,1
DA:20,1
DA:21,3
DA:22,3
DA:25,1
DA:26,2
LF:10
LH:10
end_of_record
SF:lib\domain\entities\user.dart
DA:16,13
DA:20,2
DA:21,2
DA:22,2
DA:23,2
DA:24,2
DA:25,2
DA:26,2
DA:27,2
DA:30,2
DA:31,1
DA:32,1
DA:33,1
DA:34,1
DA:35,1
DA:36,1
DA:37,1
DA:41,2
DA:44,2
DA:45,6
DA:46,6
DA:47,6
DA:48,6
DA:49,6
DA:50,6
DA:51,6
DA:52,6
DA:55,8
DA:57,24
DA:58,24
DA:59,24
DA:60,24
DA:61,24
DA:62,24
DA:63,16
LF:35
LH:35
end_of_record
SF:lib\factory\home_page_factory.dart
DA:13,3
DA:15,1
DA:17,1
DA:18,1
DA:24,1
DA:25,2
DA:27,1
DA:28,2
DA:31,1
DA:32,3
LF:10
LH:10
end_of_record
SF:lib\presentation\presenters\home_page_presenter.dart
DA:25,2
DA:28,1
DA:29,1
DA:33,1
DA:34,1
DA:38,1
DA:39,2
DA:43,1
DA:44,2
DA:48,1
DA:51,2
DA:54,3
DA:55,4
DA:58,2
DA:59,4
DA:60,2
DA:61,2
DA:66,2
DA:70,2
DA:71,4
DA:72,2
DA:75,1
DA:79,1
DA:82,2
DA:85,3
DA:88,2
DA:89,3
DA:90,2
LF:28
LH:28
end_of_record
SF:lib\data\exceptions\fetch_failed_exception.dart
DA:7,10
LF:1
LH:1
end_of_record
SF:lib\data\repositories\news_repo_impl.dart
DA:17,2
DA:21,1
DA:24,2
DA:27,2
DA:28,1
DA:31,3
DA:36,1
DA:37,1
DA:38,2
LF:9
LH:9
end_of_record
SF:lib\data\repositories\user_repo_impl.dart
DA:18,6
DA:21,1
DA:23,2
DA:27,1
DA:29,2
DA:33,1
DA:36,2
DA:39,2
DA:40,1
DA:43,4
DA:48,1
DA:49,1
DA:50,2
DA:55,1
DA:58,2
DA:61,2
DA:62,1
DA:65,3
DA:70,1
DA:71,1
DA:72,2
DA:77,1
DA:80,2
DA:83,2
DA:84,1
DA:87,1
DA:88,2
DA:89,2
DA:90,2
DA:97,1
DA:98,1
DA:99,2
DA:103,1
DA:106,2
DA:109,2
DA:110,1
DA:113,1
DA:114,2
DA:115,2
DA:116,2
DA:125,1
DA:126,1
DA:127,2
DA:132,1
DA:135,2
DA:138,2
DA:139,1
DA:142,1
DA:143,2
DA:144,2
DA:145,2
DA:154,1
DA:155,1
DA:156,2
DA:160,1
DA:163,2
DA:166,1
DA:167,1
DA:168,1
LF:59
LH:59
end_of_record
SF:lib\presentation\presenters\base_presenter.dart
DA:10,5
DA:11,5
DA:12,5
DA:16,5
DA:17,5
DA:21,10
LF:6
LH:6
end_of_record
SF:lib\presentation\state_management\app_state.dart
DA:13,2
DA:14,2
DA:15,2
DA:16,4
DA:20,2
DA:21,8
DA:25,6
DA:26,6
DA:30,5
DA:31,5
DA:35,3
DA:36,3
DA:40,6
DA:41,6
DA:42,6
DA:43,6
DA:47,3
DA:48,15
DA:49,9
DA:53,1
DA:54,5
DA:58,1
DA:59,5
LF:23
LH:23
end_of_record
SF:lib\presentation\views\home_page_view.dart
LF:0
LH:0
end_of_record
SF:lib\factory\log_in_page_factory.dart
DA:12,3
DA:14,1
DA:16,1
DA:17,1
DA:22,1
DA:23,2
DA:24,1
DA:25,2
DA:28,1
DA:29,3
LF:10
LH:10
end_of_record
SF:lib\presentation\presenters\log_in_page_presenter.dart
DA:17,2
DA:20,1
DA:21,1
DA:25,1
DA:26,1
DA:30,1
DA:32,2
DA:35,3
DA:36,3
DA:41,2
DA:44,1
DA:45,2
DA:48,2
DA:51,2
DA:56,3
DA:57,2
DA:60,3
DA:61,2
DA:65,2
LF:19
LH:19
end_of_record
SF:lib\data\repositories\token_repo_impl.dart
DA:17,2
DA:21,1
DA:24,2
DA:27,2
DA:28,3
DA:31,2
DA:32,2
DA:40,1
DA:41,1
DA:42,2
LF:10
LH:10
end_of_record
SF:lib\presentation\views\log_in_page_view.dart
LF:0
LH:0
end_of_record
SF:lib\presentation\views\log_in_form_view.dart
LF:0
LH:0
end_of_record
SF:lib\factory\picture_page_factory.dart
DA:9,3
DA:11,1
DA:13,1
DA:14,1
DA:19,1
DA:20,2
DA:23,1
DA:24,2
LF:8
LH:8
end_of_record
SF:lib\presentation\presenters\picture_page_presenter.dart
DA:25,2
DA:28,1
DA:29,1
DA:33,1
DA:34,1
DA:38,1
DA:39,4
DA:43,1
DA:46,1
DA:48,2
DA:49,2
DA:50,3
DA:53,3
DA:54,3
DA:56,2
DA:57,3
DA:58,2
DA:62,2
DA:63,0
DA:64,0
DA:66,0
DA:69,2
DA:70,0
DA:71,0
DA:73,0
DA:76,2
DA:77,0
DA:78,0
DA:80,0
DA:85,2
DA:86,2
DA:90,1
DA:91,1
LF:33
LH:24
end_of_record
SF:lib\helper.dart
DA:11,6
DA:15,1
DA:16,1
DA:17,1
DA:22,1
DA:23,1
DA:24,0
DA:29,1
DA:30,1
DA:32,1
DA:33,0
DA:34,0
DA:40,0
DA:42,0
DA:52,1
DA:53,1
DA:55,1
DA:56,0
DA:61,1
DA:63,1
DA:65,1
DA:66,0
DA:67,0
DA:73,0
DA:75,0
DA:81,0
DA:85,1
DA:86,1
DA:87,0
DA:88,0
DA:94,0
DA:96,0
DA:104,1
LF:33
LH:18
end_of_record
SF:lib\presentation\ui\widgets\my_image_holder.dart
DA:14,2
DA:17,1
DA:19,1
DA:20,1
DA:21,1
DA:22,1
DA:23,1
DA:26,1
DA:28,1
DA:29,1
DA:30,1
DA:31,1
DA:32,1
DA:33,2
DA:34,1
DA:36,1
DA:37,1
DA:39,2
DA:40,1
DA:41,1
DA:49,1
DA:51,1
DA:52,1
DA:53,3
DA:54,3
DA:60,1
DA:61,1
DA:63,1
DA:65,1
DA:66,1
DA:70,1
DA:71,6
DA:72,3
LF:33
LH:33
end_of_record
SF:lib\presentation\ui\widgets\detail_screen.dart
DA:8,1
DA:10,1
DA:12,1
DA:13,1
DA:14,1
DA:15,1
DA:18,1
DA:20,1
DA:23,1
DA:24,1
LF:10
LH:10
end_of_record
SF:lib\factory\profile_page_factory.dart
DA:9,3
DA:11,1
DA:13,1
DA:14,1
DA:19,1
DA:20,2
DA:23,1
DA:24,2
LF:8
LH:8
end_of_record
SF:lib\presentation\presenters\profile_page_presenter.dart
DA:26,2
DA:29,1
DA:30,1
DA:34,1
DA:35,1
DA:39,1
DA:40,4
DA:44,1
DA:47,1
DA:51,3
DA:52,3
DA:55,3
DA:56,3
DA:57,2
DA:58,3
DA:63,2
DA:64,2
DA:68,1
DA:69,1
DA:72,1
DA:73,1
LF:21
LH:21
end_of_record
SF:lib\presentation\views\profile_page_view.dart
LF:0
LH:0
end_of_record
SF:lib\factory\trainees_page_factory.dart
DA:9,3
DA:11,1
DA:13,1
DA:14,1
DA:19,1
DA:20,2
DA:23,1
DA:24,2
LF:8
LH:8
end_of_record
SF:lib\presentation\presenters\trainees_page_presenter.dart
DA:18,2
DA:21,1
DA:22,1
DA:26,1
DA:27,1
DA:31,1
DA:32,2
DA:36,1
DA:37,1
DA:40,1
DA:44,7
DA:46,1
DA:48,2
DA:51,5
DA:52,1
DA:55,0
DA:58,1
DA:61,0
DA:62,0
DA:63,0
DA:66,1
DA:67,1
LF:22
LH:18
end_of_record
SF:lib\presentation\ui\widgets\trainee_search_widget.dart
DA:14,2
DA:16,1
DA:18,1
DA:21,1
DA:22,1
DA:25,1
DA:27,1
DA:28,1
DA:31,1
DA:32,1
DA:35,1
DA:37,2
DA:38,3
DA:39,4
DA:41,0
DA:44,1
DA:45,1
DA:47,1
DA:50,1
DA:51,3
DA:52,4
DA:54,1
DA:57,2
DA:58,4
LF:24
LH:23
end_of_record
SF:lib\presentation\views\trainees_page_view.dart
LF:0
LH:0
end_of_record
SF:lib\presentation\ui\widgets\log_out_dialog.dart
DA:8,2
DA:10,1
DA:12,1
DA:19,1
DA:21,1
DA:25,1
DA:26,1
DA:27,1
DA:28,3
DA:35,1
DA:36,1
DA:37,1
LF:12
LH:12
end_of_record
SF:lib\presentation\ui\widgets\log_in_form.dart
DA:20,1
DA:26,1
DA:28,1
DA:32,1
DA:34,3
DA:38,1
DA:40,3
DA:44,1
DA:46,2
DA:47,2
DA:51,1
DA:53,2
DA:63,1
DA:66,1
DA:67,1
DA:68,1
DA:69,1
DA:71,1
DA:72,3
DA:73,4
DA:74,1
DA:75,2
DA:76,1
DA:78,1
DA:79,1
DA:80,2
DA:87,1
DA:92,1
DA:95,1
DA:96,1
DA:98,1
DA:99,1
DA:101,1
DA:102,1
DA:105,1
DA:107,1
DA:109,3
DA:112,1
DA:114,3
DA:118,1
DA:119,3
DA:123,1
DA:124,3
DA:125,4
DA:126,1
DA:127,2
DA:128,1
DA:129,2
DA:130,2
DA:138,1
DA:143,1
DA:145,1
DA:146,1
DA:148,1
DA:149,1
DA:152,1
DA:153,1
DA:156,1
DA:158,1
DA:160,3
DA:163,1
DA:165,3
DA:169,1
DA:170,3
DA:174,1
DA:175,5
DA:176,3
DA:177,3
DA:178,3
DA:179,1
DA:180,1
DA:182,1
DA:183,3
DA:184,3
LF:74
LH:74
end_of_record
